<?xml version="1.0" encoding="UTF-8"?>
<testsuite name="com.speypos.shell.NativeConfigStoreTest" tests="3" skipped="0" failures="0" errors="0" timestamp="2026-05-28T01:02:49.374Z" hostname="Phanns-MacBook-Pro.local" time="0.524">
  <properties/>
  <testcase name="testOpenShift_BlockedByUnclosedPreviousDay" classname="com.speypos.shell.NativeConfigStoreTest" time="0.519"/>
  <testcase name="testGetPreviousDayStatus_NoPreviousDay" classname="com.speypos.shell.NativeConfigStoreTest" time="0.002"/>
  <testcase name="testGetCloseDayPreview_MandatoryDate" classname="com.speypos.shell.NativeConfigStoreTest" time="0.002"/>
  <system-out><![CDATA[Today: 2026-05-28
Last business date before 2026-05-28: 2026-05-27
Enforcement start date: 2025-05-26
]]></system-out>
  <system-err><![CDATA[]]></system-err>
</testsuite>
